<?xml version="1.0" encoding="UTF-8"?>
<!-- Generated by org.testng.reporters.JUnitReportReporter -->
<testsuite hostname="LAPTOP-AO7LGBM8" failures="0" tests="1" name="test.TESTSM4_AddNewCustomer" time="32.972" errors="0" timestamp="2020-08-26T12:37:09 IST" skipped="0">
  <testcase classname="test.TESTSM4_AddNewCustomer" name="addCustomer" time="32.972"/>
  <system-out/>
</testsuite> <!-- test.TESTSM4_AddNewCustomer -->
