<?xml version="1.0" encoding="UTF-8"?>
<!-- Generated by org.testng.reporters.JUnitReportReporter -->
<testsuite hostname="LAPTOP-AO7LGBM8" failures="0" tests="1" name="test.TESTSM12_DeleteCustomer" time="30.603" errors="0" timestamp="2020-08-26T12:41:16 IST" skipped="0">
  <testcase classname="test.TESTSM12_DeleteCustomer" name="deletetest" time="30.603"/>
  <system-out/>
</testsuite> <!-- test.TESTSM12_DeleteCustomer -->
