<?xml version="1.0" encoding="UTF-8"?>
<!-- Generated by org.testng.reporters.JUnitReportReporter -->
<testsuite hostname="LAPTOP-AO7LGBM8" failures="0" tests="1" name="test.TESTSM10_CustomisedStatement" time="33.674" errors="0" timestamp="2020-08-23T14:46:11 IST" skipped="0">
  <testcase classname="test.TESTSM10_CustomisedStatement" name="customstmt" time="33.674"/>
  <system-out/>
</testsuite> <!-- test.TESTSM10_CustomisedStatement -->
