<?xml version="1.0" encoding="UTF-8"?>
<!-- Generated by org.testng.reporters.JUnitReportReporter -->
<testsuite hostname="LAPTOP-AO7LGBM8" failures="0" tests="1" name="test.TESTSM5_CreateNewAccount" time="31.868" errors="0" timestamp="2020-08-26T11:29:12 IST" skipped="0">
  <testcase classname="test.TESTSM5_CreateNewAccount" name="createAccount" time="31.868"/>
  <system-out/>
</testsuite> <!-- test.TESTSM5_CreateNewAccount -->
