<?xml version="1.0" encoding="UTF-8"?>
<!-- Generated by org.testng.reporters.JUnitReportReporter -->
<testsuite hostname="LAPTOP-AO7LGBM8" failures="0" tests="1" name="test.TESTDeleteCustomer" time="22.708" errors="0" timestamp="2020-08-26T11:44:56 IST" skipped="0">
  <testcase classname="test.TESTDeleteCustomer" name="delete" time="22.708"/>
  <system-out/>
</testsuite> <!-- test.TESTDeleteCustomer -->
