<?xml version="1.0" encoding="UTF-8"?>
<!-- Generated by org.testng.reporters.JUnitReportReporter -->
<testsuite hostname="LAPTOP-AO7LGBM8" failures="0" tests="1" name="test.TESTEditCustomer" time="3.370" errors="0" timestamp="13 Aug 2020 15:52:44 GMT" skipped="0">
  <testcase classname="test.TESTEditCustomer" name="testeditCustomer" time="3.370"/>
</testsuite> <!-- test.TESTEditCustomer -->
