<?xml version="1.0" encoding="UTF-8"?>
<!-- Generated by org.testng.reporters.JUnitReportReporter -->
<testsuite hostname="LAPTOP-AO7LGBM8" failures="0" tests="1" name="test.TESTSM9_BalanceEnquiry" time="26.539" errors="0" timestamp="2020-08-23T14:24:03 IST" skipped="0">
  <testcase classname="test.TESTSM9_BalanceEnquiry" name="balance" time="26.539"/>
  <system-out/>
</testsuite> <!-- test.TESTSM9_BalanceEnquiry -->
