<?xml version="1.0" encoding="UTF-8"?>
<!-- Generated by org.testng.reporters.JUnitReportReporter -->
<testsuite hostname="LAPTOP-AO7LGBM8" failures="0" tests="1" name="test.TESTSM1_ChangePassword" time="24.408" errors="0" timestamp="2020-08-18T22:35:05 IST" skipped="0">
  <testcase classname="test.TESTSM1_ChangePassword" name="changePassword" time="24.408"/>
  <system-out/>
</testsuite> <!-- test.TESTSM1_ChangePassword -->
