<?xml version="1.0" encoding="UTF-8"?>
<!-- Generated by org.testng.reporters.JUnitReportReporter -->
<testsuite hostname="LAPTOP-AO7LGBM8" failures="0" tests="1" name="test.TESTSM7_DeleteAccount" time="34.932" errors="0" timestamp="2020-08-22T22:32:39 IST" skipped="0">
  <testcase classname="test.TESTSM7_DeleteAccount" name="deleteAcc" time="34.932"/>
  <system-out/>
</testsuite> <!-- test.TESTSM7_DeleteAccount -->
