<?xml version="1.0" encoding="UTF-8"?>
<!-- Generated by org.testng.reporters.JUnitReportReporter -->
<testsuite hostname="LAPTOP-AO7LGBM8" failures="0" tests="1" name="test.TESTSM2_ChangePassword" time="39.709" errors="0" timestamp="2020-08-22T14:25:15 IST" skipped="0">
  <testcase classname="test.TESTSM2_ChangePassword" name="changePassword" time="39.709"/>
  <system-out/>
</testsuite> <!-- test.TESTSM2_ChangePassword -->
