<?xml version="1.0" encoding="UTF-8"?>
<!-- Generated by org.testng.reporters.JUnitReportReporter -->
<testsuite hostname="LAPTOP-AO7LGBM8" failures="0" tests="1" name="test.TESTSM8_MiniStatement" time="24.996" errors="0" timestamp="2020-08-23T13:18:26 IST" skipped="0">
  <testcase classname="test.TESTSM8_MiniStatement" name="miniStatement" time="24.996"/>
  <system-out/>
</testsuite> <!-- test.TESTSM8_MiniStatement -->
