<?xml version="1.0" encoding="UTF-8"?>
<!-- Generated by org.testng.reporters.JUnitReportReporter -->
<testsuite hostname="LAPTOP-AO7LGBM8" failures="0" tests="1" name="test.TESTSM6_DeleteAccount" time="24.487" errors="0" timestamp="2020-08-22T21:30:35 IST" skipped="0">
  <testcase classname="test.TESTSM6_DeleteAccount" name="deleteAcc" time="24.487"/>
  <system-out/>
</testsuite> <!-- test.TESTSM6_DeleteAccount -->
