<?xml version="1.0" encoding="UTF-8"?>
<!-- Generated by org.testng.reporters.JUnitReportReporter -->
<testsuite hostname="LAPTOP-AO7LGBM8" failures="0" tests="1" name="test.TESTSM3_VerifyHomePage" time="23.712" errors="0" timestamp="2020-08-22T14:29:28 IST" skipped="0">
  <testcase classname="test.TESTSM3_VerifyHomePage" name="verifyHomePage" time="23.712"/>
  <system-out/>
</testsuite> <!-- test.TESTSM3_VerifyHomePage -->
