<?xml version="1.0" encoding="UTF-8"?>
<!-- Generated by org.testng.reporters.JUnitReportReporter -->
<testsuite hostname="LAPTOP-AO7LGBM8" failures="0" tests="1" name="test.TESTPOMLogin" time="19.448" errors="0" timestamp="2020-08-23T12:47:40 IST" skipped="0">
  <testcase classname="test.TESTPOMLogin" name="login" time="19.448"/>
  <system-out/>
</testsuite> <!-- test.TESTPOMLogin -->
