<?xml version="1.0" encoding="UTF-8"?>
<!-- Generated by org.testng.reporters.JUnitReportReporter -->
<testsuite hostname="LAPTOP-AO7LGBM8" failures="0" tests="1" name="test.TESTPOMCreateNewCustomer" time="27.499" errors="0" timestamp="2020-08-15T23:15:38 IST" skipped="0">
  <testcase classname="test.TESTPOMCreateNewCustomer" name="createNewCustomer" time="27.499"/>
  <system-out/>
</testsuite> <!-- test.TESTPOMCreateNewCustomer -->
