<?xml version="1.0" encoding="UTF-8"?>
<!-- Generated by org.testng.reporters.JUnitReportReporter -->
<testsuite hostname="LAPTOP-AO7LGBM8" failures="0" tests="1" name="test.TESTCreateNewCustomer" time="4.491" errors="0" timestamp="2020-08-15T16:36:52 IST" skipped="0">
  <testcase classname="test.TESTCreateNewCustomer" name="createCustomer" time="4.491"/>
  <system-out/>
</testsuite> <!-- test.TESTCreateNewCustomer -->
